<?xml version="1.0" encoding="UTF-8"?>
<testng-results skipped="0" failed="0" ignored="0" total="1" passed="1">
  <reporter-output>
  </reporter-output>
  <suite name="Default suite" duration-ms="27336" started-at="2020-10-03T16:50:16 IST" finished-at="2020-10-03T16:50:44 IST">
    <groups>
    </groups>
    <test name="Default test" duration-ms="27336" started-at="2020-10-03T16:50:16 IST" finished-at="2020-10-03T16:50:44 IST">
      <class name="com.DemoTest.org.LoginTest">
        <test-method status="PASS" signature="setup()[pri:0, instance:com.DemoTest.org.LoginTest@3c9d0b9d]" name="setup" is-config="true" duration-ms="8123" started-at="2020-10-03T16:50:16 IST" finished-at="2020-10-03T16:50:25 IST">
          <reporter-output>
          </reporter-output>
        </test-method> <!-- setup -->
        <test-method status="PASS" signature="toLogin(java.lang.String, java.lang.String)[pri:0, instance:com.DemoTest.org.LoginTest@3c9d0b9d]" name="toLogin" duration-ms="17698" started-at="2020-10-03T16:50:25 IST" data-provider="userdata" finished-at="2020-10-03T16:50:43 IST">
          <params>
            <param index="0">
              <value>
                <![CDATA[admin]]>
              </value>
            </param>
            <param index="1">
              <value>
                <![CDATA[admin123]]>
              </value>
            </param>
          </params>
          <reporter-output>
          </reporter-output>
        </test-method> <!-- toLogin -->
        <test-method status="PASS" signature="teardown()[pri:0, instance:com.DemoTest.org.LoginTest@3c9d0b9d]" name="teardown" is-config="true" duration-ms="721" started-at="2020-10-03T16:50:43 IST" finished-at="2020-10-03T16:50:44 IST">
          <reporter-output>
          </reporter-output>
        </test-method> <!-- teardown -->
      </class> <!-- com.DemoTest.org.LoginTest -->
    </test> <!-- Default test -->
  </suite> <!-- Default suite -->
</testng-results>
